2020-05-14 14:43:52,056 - [excel.py-->line:49] - ERROR: 表单名register_succes不正确
2020-05-14 14:45:32,065 - [excel.py-->line:52] - INFO: 成功打开excl文件D:\PycharmProjects\weixin\data\interfaceCase.xlsx,表单register_success
2020-05-14 16:11:50,978 - [test_demo1.py-->line:73] - INFO: 用例注册成功,测试通过
2020-05-14 16:11:51,352 - [test_demo1.py-->line:73] - INFO: 用例注册成功-不带类型,测试通过
2020-05-14 16:11:51,723 - [test_demo1.py-->line:73] - INFO: 用例注册成功-不带注册名,测试通过
2020-05-14 16:11:52,111 - [test_demo1.py-->line:73] - INFO: 用例注册成功-不带类型和注册名,测试通过
2020-05-14 16:13:46,719 - [test_demo1.py-->line:73] - INFO: 用例注册成功,测试通过
2020-05-14 16:13:47,083 - [test_demo1.py-->line:73] - INFO: 用例注册成功-不带类型,测试通过
2020-05-14 16:13:47,449 - [test_demo1.py-->line:73] - INFO: 用例注册成功-不带注册名,测试通过
2020-05-14 16:13:47,803 - [test_demo1.py-->line:73] - INFO: 用例注册成功-不带类型和注册名,测试通过
2020-05-14 16:15:03,760 - [test_demo1.py-->line:73] - INFO: 用例注册成功,测试通过
2020-05-14 16:15:04,129 - [test_demo1.py-->line:73] - INFO: 用例注册成功-不带类型,测试通过
2020-05-14 16:15:04,498 - [test_demo1.py-->line:73] - INFO: 用例注册成功-不带注册名,测试通过
2020-05-14 16:15:04,872 - [test_demo1.py-->line:73] - INFO: 用例注册成功-不带类型和注册名,测试通过
2020-05-14 16:17:52,731 - [test_demo1.py-->line:73] - INFO: 用例注册成功,测试通过
2020-05-14 16:17:53,107 - [test_demo1.py-->line:73] - INFO: 用例注册成功-不带类型,测试通过
2020-05-14 16:17:53,459 - [test_demo1.py-->line:73] - INFO: 用例注册成功-不带注册名,测试通过
2020-05-14 16:17:53,816 - [test_demo1.py-->line:73] - INFO: 用例注册成功-不带类型和注册名,测试通过
2020-05-14 16:20:51,092 - [test_demo1.py-->line:73] - INFO: 用例注册成功,测试通过
2020-05-14 16:20:55,533 - [test_demo1.py-->line:73] - INFO: 用例注册成功-不带类型,测试通过
2020-05-14 16:21:00,064 - [test_demo1.py-->line:73] - INFO: 用例注册成功-不带注册名,测试通过
2020-05-14 16:32:01,036 - [test_demo1.py-->line:73] - INFO: 用例注册成功,测试通过
2020-05-14 16:32:05,553 - [test_demo1.py-->line:73] - INFO: 用例注册成功-不带类型,测试通过
2020-05-14 16:32:10,012 - [test_demo1.py-->line:73] - INFO: 用例注册成功-不带注册名,测试通过
2020-05-14 16:32:14,480 - [test_demo1.py-->line:73] - INFO: 用例注册成功-不带类型和注册名,测试通过
2020-05-15 09:32:06,911 - [test_demo1.py-->line:73] - INFO: 用例注册成功,测试通过
2020-05-15 09:32:07,369 - [test_demo1.py-->line:73] - INFO: 用例注册成功-不带类型,测试通过
2020-05-15 09:32:07,772 - [test_demo1.py-->line:73] - INFO: 用例注册成功-不带注册名,测试通过
2020-05-15 09:32:08,190 - [test_demo1.py-->line:73] - INFO: 用例注册成功-不带类型和注册名,测试通过
2020-05-15 09:33:59,530 - [test_demo1.py-->line:73] - INFO: 用例注册成功,测试通过
2020-05-15 09:33:59,880 - [test_demo1.py-->line:73] - INFO: 用例注册成功-不带类型,测试通过
2020-05-15 09:34:00,231 - [test_demo1.py-->line:73] - INFO: 用例注册成功-不带注册名,测试通过
2020-05-15 09:34:00,588 - [test_demo1.py-->line:73] - INFO: 用例注册成功-不带类型和注册名,测试通过
2020-05-15 09:35:48,999 - [test_demo1.py-->line:72] - INFO: 用例注册成功,测试通过
2020-05-15 09:35:49,366 - [test_demo1.py-->line:72] - INFO: 用例注册成功-不带类型,测试通过
2020-05-15 09:35:49,723 - [test_demo1.py-->line:72] - INFO: 用例注册成功-不带注册名,测试通过
2020-05-15 09:35:50,089 - [test_demo1.py-->line:72] - INFO: 用例注册成功-不带类型和注册名,测试通过
2020-05-15 09:36:46,834 - [test_demo1.py-->line:72] - INFO: 用例注册成功,测试通过
2020-05-15 09:36:47,192 - [test_demo1.py-->line:72] - INFO: 用例注册成功-不带类型,测试通过
2020-05-15 09:36:47,577 - [test_demo1.py-->line:72] - INFO: 用例注册成功-不带注册名,测试通过
2020-05-15 09:36:47,955 - [test_demo1.py-->line:72] - INFO: 用例注册成功-不带类型和注册名,测试通过
2020-05-15 09:38:25,965 - [test_demo1.py-->line:72] - INFO: 用例注册成功,测试通过
2020-05-15 09:38:26,337 - [test_demo1.py-->line:72] - INFO: 用例注册成功-不带类型,测试通过
2020-05-15 09:38:26,695 - [test_demo1.py-->line:72] - INFO: 用例注册成功-不带注册名,测试通过
2020-05-15 09:38:27,050 - [test_demo1.py-->line:72] - INFO: 用例注册成功-不带类型和注册名,测试通过
2020-05-15 16:38:19,784 - [test_demo1.py-->line:72] - INFO: 用例注册成功,测试通过
2020-05-15 16:38:20,144 - [test_demo1.py-->line:72] - INFO: 用例注册成功-不带类型,测试通过
2020-05-15 16:38:20,497 - [test_demo1.py-->line:72] - INFO: 用例注册成功-不带注册名,测试通过
2020-05-15 16:38:20,845 - [test_demo1.py-->line:72] - INFO: 用例注册成功-不带类型和注册名,测试通过
2020-05-15 16:39:26,896 - [test_demo1.py-->line:72] - INFO: 用例注册成功,测试通过
2020-05-15 16:39:27,294 - [test_demo1.py-->line:72] - INFO: 用例注册成功-不带类型,测试通过
2020-05-15 16:39:27,684 - [test_demo1.py-->line:72] - INFO: 用例注册成功-不带注册名,测试通过
2020-05-15 16:39:28,080 - [test_demo1.py-->line:72] - INFO: 用例注册成功-不带类型和注册名,测试通过
2020-05-15 16:40:49,955 - [test_demo1.py-->line:72] - INFO: 用例注册成功,测试通过
2020-05-15 16:40:50,336 - [test_demo1.py-->line:72] - INFO: 用例注册成功-不带类型,测试通过
2020-05-15 16:40:50,702 - [test_demo1.py-->line:72] - INFO: 用例注册成功-不带注册名,测试通过
2020-05-15 16:40:51,055 - [test_demo1.py-->line:72] - INFO: 用例注册成功-不带类型和注册名,测试通过
2020-05-15 16:41:17,182 - [test_demo1.py-->line:72] - INFO: 用例注册成功,测试通过
2020-05-15 16:41:17,537 - [test_demo1.py-->line:72] - INFO: 用例注册成功-不带类型,测试通过
2020-05-15 16:41:17,920 - [test_demo1.py-->line:72] - INFO: 用例注册成功-不带注册名,测试通过
2020-05-15 16:41:18,492 - [test_demo1.py-->line:72] - INFO: 用例注册成功-不带类型和注册名,测试通过
2020-05-15 16:42:14,413 - [test_demo1.py-->line:72] - INFO: 用例注册成功,测试通过
2020-05-15 16:42:14,772 - [test_demo1.py-->line:72] - INFO: 用例注册成功-不带类型,测试通过
2020-05-15 16:42:15,125 - [test_demo1.py-->line:72] - INFO: 用例注册成功-不带注册名,测试通过
2020-05-15 16:42:15,476 - [test_demo1.py-->line:72] - INFO: 用例注册成功-不带类型和注册名,测试通过
2020-05-15 16:44:16,800 - [test_demo1.py-->line:72] - INFO: 用例注册成功,测试通过
2020-05-15 16:44:17,157 - [test_demo1.py-->line:72] - INFO: 用例注册成功-不带类型,测试通过
2020-05-15 16:44:17,522 - [test_demo1.py-->line:72] - INFO: 用例注册成功-不带注册名,测试通过
2020-05-15 16:44:17,875 - [test_demo1.py-->line:72] - INFO: 用例注册成功-不带类型和注册名,测试通过
2020-05-15 16:44:38,927 - [test_demo1.py-->line:72] - INFO: 用例注册成功,测试通过
2020-05-15 16:44:39,297 - [test_demo1.py-->line:72] - INFO: 用例注册成功-不带类型,测试通过
2020-05-15 16:44:39,642 - [test_demo1.py-->line:72] - INFO: 用例注册成功-不带注册名,测试通过
2020-05-15 16:44:40,000 - [test_demo1.py-->line:72] - INFO: 用例注册成功-不带类型和注册名,测试通过
2020-05-15 17:22:18,408 - [test_demo1.py-->line:72] - INFO: 用例注册成功,测试通过
2020-05-15 17:22:18,782 - [test_demo1.py-->line:72] - INFO: 用例注册成功-不带类型,测试通过
2020-05-15 17:22:19,147 - [test_demo1.py-->line:72] - INFO: 用例注册成功-不带注册名,测试通过
2020-05-15 17:22:19,523 - [test_demo1.py-->line:72] - INFO: 用例注册成功-不带类型和注册名,测试通过
2020-05-20 14:32:03,379 - [test_demo1.py-->line:72] - INFO: 用例注册成功,测试通过
2020-05-20 14:32:03,788 - [test_demo1.py-->line:72] - INFO: 用例注册成功-不带类型,测试通过
2020-05-20 14:32:04,286 - [test_demo1.py-->line:72] - INFO: 用例注册成功-不带注册名,测试通过
2020-05-20 14:32:04,654 - [test_demo1.py-->line:72] - INFO: 用例注册成功-不带类型和注册名,测试通过
2020-05-20 14:35:14,798 - [test_demo1.py-->line:72] - INFO: 用例注册成功,测试通过
2020-05-20 14:35:15,166 - [test_demo1.py-->line:72] - INFO: 用例注册成功-不带类型,测试通过
2020-05-20 14:35:15,570 - [test_demo1.py-->line:72] - INFO: 用例注册成功-不带注册名,测试通过
2020-05-20 14:35:15,949 - [test_demo1.py-->line:72] - INFO: 用例注册成功-不带类型和注册名,测试通过
2020-05-20 14:35:32,767 - [test_demo1.py-->line:72] - INFO: 用例注册成功,测试通过
2020-05-20 14:35:33,209 - [test_demo1.py-->line:72] - INFO: 用例注册成功-不带类型,测试通过
2020-05-20 14:35:33,613 - [test_demo1.py-->line:72] - INFO: 用例注册成功-不带注册名,测试通过
2020-05-20 14:35:33,987 - [test_demo1.py-->line:72] - INFO: 用例注册成功-不带类型和注册名,测试通过
2020-05-20 14:36:23,149 - [test_demo1.py-->line:72] - INFO: 用例注册成功,测试通过
2020-05-20 14:36:23,518 - [test_demo1.py-->line:72] - INFO: 用例注册成功-不带类型,测试通过
2020-05-20 14:36:23,909 - [test_demo1.py-->line:72] - INFO: 用例注册成功-不带注册名,测试通过
2020-05-20 14:36:24,318 - [test_demo1.py-->line:72] - INFO: 用例注册成功-不带类型和注册名,测试通过
2020-05-20 14:37:00,075 - [test_demo1.py-->line:72] - INFO: 用例注册成功,测试通过
2020-05-20 14:37:00,444 - [test_demo1.py-->line:72] - INFO: 用例注册成功-不带类型,测试通过
2020-05-20 14:37:00,823 - [test_demo1.py-->line:72] - INFO: 用例注册成功-不带注册名,测试通过
2020-05-20 14:37:01,199 - [test_demo1.py-->line:72] - INFO: 用例注册成功-不带类型和注册名,测试通过
2020-05-20 14:39:27,100 - [test_demo1.py-->line:72] - INFO: 用例注册成功,测试通过
2020-05-20 14:39:27,495 - [test_demo1.py-->line:72] - INFO: 用例注册成功-不带类型,测试通过
2020-05-20 14:39:27,884 - [test_demo1.py-->line:72] - INFO: 用例注册成功-不带注册名,测试通过
2020-05-20 14:39:28,266 - [test_demo1.py-->line:72] - INFO: 用例注册成功-不带类型和注册名,测试通过
2020-05-20 14:40:58,980 - [test_demo1.py-->line:72] - INFO: 用例注册成功,测试通过
2020-05-20 14:40:59,362 - [test_demo1.py-->line:72] - INFO: 用例注册成功-不带类型,测试通过
2020-05-20 14:40:59,769 - [test_demo1.py-->line:72] - INFO: 用例注册成功-不带注册名,测试通过
2020-05-20 14:41:00,141 - [test_demo1.py-->line:72] - INFO: 用例注册成功-不带类型和注册名,测试通过
2020-05-20 14:43:18,946 - [test_demo1.py-->line:72] - INFO: 用例注册成功,测试通过
2020-05-20 14:43:21,838 - [test_demo1.py-->line:72] - INFO: 用例注册成功-不带类型,测试通过
2020-05-20 14:43:24,692 - [test_demo1.py-->line:72] - INFO: 用例注册成功-不带注册名,测试通过
2020-05-20 14:43:27,544 - [test_demo1.py-->line:72] - INFO: 用例注册成功-不带类型和注册名,测试通过
2020-05-20 14:44:31,787 - [test_demo1.py-->line:72] - INFO: 用例注册成功,测试通过
2020-05-20 14:44:35,333 - [test_demo1.py-->line:72] - INFO: 用例注册成功-不带类型,测试通过
2020-05-20 14:44:38,671 - [test_demo1.py-->line:72] - INFO: 用例注册成功-不带注册名,测试通过
2020-05-20 14:44:42,102 - [test_demo1.py-->line:72] - INFO: 用例注册成功-不带类型和注册名,测试通过
2020-05-20 14:45:19,476 - [test_demo1.py-->line:72] - INFO: 用例注册成功,测试通过
2020-05-20 14:45:19,851 - [test_demo1.py-->line:72] - INFO: 用例注册成功-不带类型,测试通过
2020-05-20 14:45:20,225 - [test_demo1.py-->line:72] - INFO: 用例注册成功-不带注册名,测试通过
2020-05-20 14:45:20,596 - [test_demo1.py-->line:72] - INFO: 用例注册成功-不带类型和注册名,测试通过
2020-05-20 14:47:08,652 - [test_demo1.py-->line:72] - INFO: 用例注册成功,测试通过
2020-05-20 14:47:09,054 - [test_demo1.py-->line:72] - INFO: 用例注册成功-不带类型,测试通过
2020-05-20 14:47:09,432 - [test_demo1.py-->line:72] - INFO: 用例注册成功-不带注册名,测试通过
2020-05-20 14:47:09,821 - [test_demo1.py-->line:72] - INFO: 用例注册成功-不带类型和注册名,测试通过
2020-05-20 14:48:18,363 - [test_demo1.py-->line:72] - INFO: 用例注册成功,测试通过
2020-05-20 14:48:18,735 - [test_demo1.py-->line:72] - INFO: 用例注册成功-不带类型,测试通过
2020-05-20 14:48:19,137 - [test_demo1.py-->line:72] - INFO: 用例注册成功-不带注册名,测试通过
2020-05-20 14:48:19,526 - [test_demo1.py-->line:72] - INFO: 用例注册成功-不带类型和注册名,测试通过
2020-05-20 14:48:48,718 - [test_demo1.py-->line:72] - INFO: 用例注册成功,测试通过
2020-05-20 14:48:49,089 - [test_demo1.py-->line:72] - INFO: 用例注册成功-不带类型,测试通过
2020-05-20 14:48:49,471 - [test_demo1.py-->line:72] - INFO: 用例注册成功-不带注册名,测试通过
2020-05-20 14:48:49,869 - [test_demo1.py-->line:72] - INFO: 用例注册成功-不带类型和注册名,测试通过
2020-05-20 14:50:10,607 - [test_demo1.py-->line:72] - INFO: 用例注册成功,测试通过
2020-05-20 14:50:10,987 - [test_demo1.py-->line:72] - INFO: 用例注册成功-不带类型,测试通过
2020-05-20 14:50:11,361 - [test_demo1.py-->line:72] - INFO: 用例注册成功-不带注册名,测试通过
2020-05-20 14:50:11,753 - [test_demo1.py-->line:72] - INFO: 用例注册成功-不带类型和注册名,测试通过
2020-05-21 15:48:57,944 - [test_demo1.py-->line:72] - INFO: 用例注册成功,测试通过
2020-05-21 15:48:58,344 - [test_demo1.py-->line:72] - INFO: 用例注册成功-不带类型,测试通过
2020-05-21 15:48:58,723 - [test_demo1.py-->line:72] - INFO: 用例注册成功-不带注册名,测试通过
2020-05-21 15:48:59,096 - [test_demo1.py-->line:72] - INFO: 用例注册成功-不带类型和注册名,测试通过
2020-05-21 15:52:24,837 - [test_demo1.py-->line:72] - INFO: 用例注册成功,测试通过
2020-05-21 15:52:25,200 - [test_demo1.py-->line:72] - INFO: 用例注册成功-不带类型,测试通过
2020-05-21 15:52:25,616 - [test_demo1.py-->line:72] - INFO: 用例注册成功-不带注册名,测试通过
2020-05-21 15:52:26,022 - [test_demo1.py-->line:72] - INFO: 用例注册成功-不带类型和注册名,测试通过
2020-05-21 15:53:55,298 - [test_demo1.py-->line:72] - INFO: 用例注册成功,测试通过
2020-05-21 15:53:55,673 - [test_demo1.py-->line:72] - INFO: 用例注册成功-不带类型,测试通过
2020-05-21 15:53:56,101 - [test_demo1.py-->line:72] - INFO: 用例注册成功-不带注册名,测试通过
2020-05-21 15:53:56,554 - [test_demo1.py-->line:72] - INFO: 用例注册成功-不带类型和注册名,测试通过
2020-05-21 15:54:51,990 - [test_demo1.py-->line:72] - INFO: 用例注册成功,测试通过
2020-05-21 15:54:52,370 - [test_demo1.py-->line:72] - INFO: 用例注册成功-不带类型,测试通过
2020-05-21 15:54:52,755 - [test_demo1.py-->line:72] - INFO: 用例注册成功-不带注册名,测试通过
2020-05-21 15:54:53,130 - [test_demo1.py-->line:72] - INFO: 用例注册成功-不带类型和注册名,测试通过
2020-05-21 15:56:58,705 - [test_demo1.py-->line:72] - INFO: 用例注册成功,测试通过
2020-05-21 15:56:59,096 - [test_demo1.py-->line:72] - INFO: 用例注册成功-不带类型,测试通过
2020-05-21 15:56:59,472 - [test_demo1.py-->line:72] - INFO: 用例注册成功-不带注册名,测试通过
2020-05-21 15:57:00,036 - [test_demo1.py-->line:72] - INFO: 用例注册成功-不带类型和注册名,测试通过
2020-05-21 15:59:31,532 - [test_demo1.py-->line:72] - INFO: 用例注册成功,测试通过
2020-05-21 15:59:31,944 - [test_demo1.py-->line:72] - INFO: 用例注册成功-不带类型,测试通过
2020-05-21 15:59:32,322 - [test_demo1.py-->line:72] - INFO: 用例注册成功-不带注册名,测试通过
2020-05-21 15:59:32,702 - [test_demo1.py-->line:72] - INFO: 用例注册成功-不带类型和注册名,测试通过
2020-05-21 16:02:14,309 - [test_demo1.py-->line:72] - INFO: 用例注册成功,测试通过
2020-05-21 16:02:14,681 - [test_demo1.py-->line:72] - INFO: 用例注册成功-不带类型,测试通过
2020-05-21 16:02:15,050 - [test_demo1.py-->line:72] - INFO: 用例注册成功-不带注册名,测试通过
2020-05-21 16:02:15,423 - [test_demo1.py-->line:72] - INFO: 用例注册成功-不带类型和注册名,测试通过
2020-05-21 16:06:23,705 - [test_demo1.py-->line:74] - INFO: 用例注册成功,测试通过
2020-05-21 16:06:23,991 - [test_demo1.py-->line:74] - INFO: 用例注册成功-不带类型,测试通过
2020-05-21 16:06:24,269 - [test_demo1.py-->line:74] - INFO: 用例注册成功-不带注册名,测试通过
2020-05-21 16:06:24,550 - [test_demo1.py-->line:74] - INFO: 用例注册成功-不带类型和注册名,测试通过
2020-05-21 16:07:49,174 - [test_demo1.py-->line:72] - INFO: 用例注册成功,测试通过
2020-05-21 16:07:49,539 - [test_demo1.py-->line:72] - INFO: 用例注册成功-不带类型,测试通过
2020-05-21 16:07:49,925 - [test_demo1.py-->line:72] - INFO: 用例注册成功-不带注册名,测试通过
2020-05-21 16:07:50,293 - [test_demo1.py-->line:72] - INFO: 用例注册成功-不带类型和注册名,测试通过
2020-05-21 16:07:58,998 - [test_demo1.py-->line:72] - INFO: 用例注册成功,测试通过
2020-05-21 16:07:59,394 - [test_demo1.py-->line:72] - INFO: 用例注册成功-不带类型,测试通过
2020-05-21 16:07:59,776 - [test_demo1.py-->line:72] - INFO: 用例注册成功-不带注册名,测试通过
2020-05-21 16:08:00,157 - [test_demo1.py-->line:72] - INFO: 用例注册成功-不带类型和注册名,测试通过
2020-05-21 16:09:10,296 - [test_demo1.py-->line:72] - INFO: 用例注册成功,测试通过
2020-05-21 16:09:10,664 - [test_demo1.py-->line:72] - INFO: 用例注册成功-不带类型,测试通过
2020-05-21 16:09:11,038 - [test_demo1.py-->line:72] - INFO: 用例注册成功-不带注册名,测试通过
2020-05-21 16:09:11,413 - [test_demo1.py-->line:72] - INFO: 用例注册成功-不带类型和注册名,测试通过
2020-05-21 16:10:41,759 - [test_demo1.py-->line:72] - INFO: 用例注册成功,测试通过
2020-05-21 16:10:42,130 - [test_demo1.py-->line:72] - INFO: 用例注册成功-不带类型,测试通过
2020-05-21 16:10:42,508 - [test_demo1.py-->line:72] - INFO: 用例注册成功-不带注册名,测试通过
2020-05-21 16:10:42,878 - [test_demo1.py-->line:72] - INFO: 用例注册成功-不带类型和注册名,测试通过
2020-05-21 16:11:08,129 - [test_demo1.py-->line:72] - INFO: 用例注册成功,测试通过
2020-05-21 16:11:08,555 - [test_demo1.py-->line:72] - INFO: 用例注册成功-不带类型,测试通过
2020-05-21 16:11:08,933 - [test_demo1.py-->line:72] - INFO: 用例注册成功-不带注册名,测试通过
2020-05-21 16:11:09,306 - [test_demo1.py-->line:72] - INFO: 用例注册成功-不带类型和注册名,测试通过
2020-05-21 16:15:50,862 - [test_demo1.py-->line:72] - INFO: 用例注册成功,测试通过
2020-05-21 16:15:51,244 - [test_demo1.py-->line:72] - INFO: 用例注册成功-不带类型,测试通过
2020-05-21 16:15:51,619 - [test_demo1.py-->line:72] - INFO: 用例注册成功-不带注册名,测试通过
2020-05-21 16:15:52,128 - [test_demo1.py-->line:72] - INFO: 用例注册成功-不带类型和注册名,测试通过
2020-05-21 16:17:10,092 - [test_demo1.py-->line:72] - INFO: 用例注册成功,测试通过
2020-05-21 16:17:10,483 - [test_demo1.py-->line:72] - INFO: 用例注册成功-不带类型,测试通过
2020-05-21 16:17:10,853 - [test_demo1.py-->line:72] - INFO: 用例注册成功-不带注册名,测试通过
2020-05-21 16:17:11,221 - [test_demo1.py-->line:72] - INFO: 用例注册成功-不带类型和注册名,测试通过
2020-05-21 16:18:22,890 - [test_demo1.py-->line:72] - INFO: 用例注册成功,测试通过
2020-05-21 16:18:23,273 - [test_demo1.py-->line:72] - INFO: 用例注册成功-不带类型,测试通过
2020-05-21 16:18:23,797 - [test_demo1.py-->line:72] - INFO: 用例注册成功-不带注册名,测试通过
2020-05-21 16:18:24,174 - [test_demo1.py-->line:72] - INFO: 用例注册成功-不带类型和注册名,测试通过
2020-05-21 16:19:24,124 - [test_demo1.py-->line:72] - INFO: 用例注册成功,测试通过
2020-05-21 16:19:24,498 - [test_demo1.py-->line:72] - INFO: 用例注册成功-不带类型,测试通过
2020-05-21 16:19:24,878 - [test_demo1.py-->line:72] - INFO: 用例注册成功-不带注册名,测试通过
2020-05-21 16:19:25,254 - [test_demo1.py-->line:72] - INFO: 用例注册成功-不带类型和注册名,测试通过
2020-05-22 16:53:11,671 - [test_demo1.py-->line:72] - INFO: 用例注册成功,测试通过
2020-05-22 16:53:12,084 - [test_demo1.py-->line:72] - INFO: 用例注册成功-不带类型,测试通过
2020-05-22 16:53:12,462 - [test_demo1.py-->line:72] - INFO: 用例注册成功-不带注册名,测试通过
2020-05-22 16:53:12,869 - [test_demo1.py-->line:72] - INFO: 用例注册成功-不带类型和注册名,测试通过
2020-05-22 17:27:57,850 - [test_demo1.py-->line:73] - INFO: 用例注册成功,测试通过
2020-05-22 17:27:58,244 - [test_demo1.py-->line:73] - INFO: 用例注册成功-不带类型,测试通过
2020-05-22 17:27:58,628 - [test_demo1.py-->line:73] - INFO: 用例注册成功-不带注册名,测试通过
2020-05-22 17:27:59,011 - [test_demo1.py-->line:73] - INFO: 用例注册成功-不带类型和注册名,测试通过
2020-05-22 17:32:40,748 - [test_demo1.py-->line:73] - INFO: 用例注册成功,测试通过
2020-05-22 17:32:41,136 - [test_demo1.py-->line:73] - INFO: 用例注册成功-不带类型,测试通过
2020-05-22 17:32:41,511 - [test_demo1.py-->line:73] - INFO: 用例注册成功-不带注册名,测试通过
2020-05-22 17:32:41,912 - [test_demo1.py-->line:73] - INFO: 用例注册成功-不带类型和注册名,测试通过
2020-05-26 11:01:52,256 - [test_demo1.py-->line:73] - INFO: 用例注册成功,测试通过
2020-05-26 11:01:52,695 - [test_demo1.py-->line:73] - INFO: 用例注册成功-不带类型,测试通过
2020-05-26 11:01:53,093 - [test_demo1.py-->line:73] - INFO: 用例注册成功-不带注册名,测试通过
2020-05-26 11:01:53,633 - [test_demo1.py-->line:73] - INFO: 用例注册成功-不带类型和注册名,测试通过
2020-05-26 11:22:04,467 - [test_demo1.py-->line:73] - INFO: 用例注册成功,测试通过
2020-05-26 11:22:04,590 - [test_demo1.py-->line:73] - INFO: 用例注册成功-不带类型,测试通过
2020-05-26 11:22:04,712 - [test_demo1.py-->line:73] - INFO: 用例注册成功-不带注册名,测试通过
2020-05-26 11:22:04,856 - [test_demo1.py-->line:73] - INFO: 用例注册成功-不带类型和注册名,测试通过
2020-05-26 11:28:04,540 - [test_demo1.py-->line:73] - INFO: 用例注册成功,测试通过
2020-05-26 11:28:04,655 - [test_demo1.py-->line:73] - INFO: 用例注册成功-不带类型,测试通过
2020-05-26 11:28:04,762 - [test_demo1.py-->line:73] - INFO: 用例注册成功-不带注册名,测试通过
2020-05-26 11:28:04,871 - [test_demo1.py-->line:73] - INFO: 用例注册成功-不带类型和注册名,测试通过
